Using pre-set license
Built from '2022.3/staging' branch; Version is '2022.3.1f1 (f18e0c1b5784) revision 15830540'; Using compiler version '192829333'; Build Type 'Release'
OS: 'Windows 10  (10.0.19045) 64bit Core' Language: 'tr' Physical Memory: 16016 MB
BatchMode: 1, IsHumanControllingUs: 0, StartBugReporterOnCrash: 0, Is64bit: 1, IsPro: 1

COMMAND LINE ARGUMENTS:
D:\Unity\2022.3.1f1\Editor\Unity.exe
-adb2
-batchMode
-noUpm
-name
AssetImportWorker2
-projectPath
D:/GitHub_Projects/NYCStrike
-logFile
Logs/AssetImportWorker2.log
-srvPort
53761
Successfully changed project path to: D:/GitHub_Projects/NYCStrike
D:/GitHub_Projects/NYCStrike
[UnityMemory] Configuration Parameters - Can be set up in boot.config
    "memorysetup-bucket-allocator-granularity=16"
    "memorysetup-bucket-allocator-bucket-count=8"
    "memorysetup-bucket-allocator-block-size=33554432"
    "memorysetup-bucket-allocator-block-count=8"
    "memorysetup-main-allocator-block-size=16777216"
    "memorysetup-thread-allocator-block-size=16777216"
    "memorysetup-gfx-main-allocator-block-size=16777216"
    "memorysetup-gfx-thread-allocator-block-size=16777216"
    "memorysetup-cache-allocator-block-size=4194304"
    "memorysetup-typetree-allocator-block-size=2097152"
    "memorysetup-profiler-bucket-allocator-granularity=16"
    "memorysetup-profiler-bucket-allocator-bucket-count=8"
    "memorysetup-profiler-bucket-allocator-block-size=33554432"
    "memorysetup-profiler-bucket-allocator-block-count=8"
    "memorysetup-profiler-allocator-block-size=16777216"
    "memorysetup-profiler-editor-allocator-block-size=1048576"
    "memorysetup-temp-allocator-size-main=16777216"
    "memorysetup-job-temp-allocator-block-size=2097152"
    "memorysetup-job-temp-allocator-block-size-background=1048576"
    "memorysetup-job-temp-allocator-reduction-small-platforms=262144"
    "memorysetup-allocator-temp-initial-block-size-main=262144"
    "memorysetup-allocator-temp-initial-block-size-worker=262144"
    "memorysetup-temp-allocator-size-background-worker=32768"
    "memorysetup-temp-allocator-size-job-worker=262144"
    "memorysetup-temp-allocator-size-preload-manager=33554432"
    "memorysetup-temp-allocator-size-nav-mesh-worker=65536"
    "memorysetup-temp-allocator-size-audio-worker=65536"
    "memorysetup-temp-allocator-size-cloud-worker=32768"
    "memorysetup-temp-allocator-size-gi-baking-worker=262144"
    "memorysetup-temp-allocator-size-gfx=262144"
Player connection [16816] Host "[IP] 192.168.56.1 [Port] 0 [Flags] 2 [Guid] 646708992 [EditorId] 646708992 [Version] 1048832 [Id] WindowsEditor(7,DESKTOP-JDJV4O2) [Debug] 1 [PackageName] WindowsEditor [ProjectName] Editor" joined multi-casting on [225.0.0.222:54997]...

Player connection [16816] Host "[IP] 192.168.56.1 [Port] 0 [Flags] 2 [Guid] 646708992 [EditorId] 646708992 [Version] 1048832 [Id] WindowsEditor(7,DESKTOP-JDJV4O2) [Debug] 1 [PackageName] WindowsEditor [ProjectName] Editor" joined alternative multi-casting on [225.0.0.222:34997]...

Refreshing native plugins compatible for Editor in 6.35 ms, found 2 plugins.
Preloading 0 native plugins for Editor in 0.00 ms.
Initialize engine version: 2022.3.1f1 (f18e0c1b5784)
[Subsystems] Discovering subsystems at path D:/Unity/2022.3.1f1/Editor/Data/Resources/UnitySubsystems
[Subsystems] Discovering subsystems at path D:/GitHub_Projects/NYCStrike/Assets
GfxDevice: creating device client; threaded=0; jobified=0
Direct3D:
    Version:  Direct3D 11.0 [level 11.1]
    Renderer: NVIDIA GeForce RTX 4070 (ID=0x2786)
    Vendor:   NVIDIA
    VRAM:     12012 MB
    Driver:   32.0.15.7216
Initialize mono
Mono path[0] = 'D:/Unity/2022.3.1f1/Editor/Data/Managed'
Mono path[1] = 'D:/Unity/2022.3.1f1/Editor/Data/MonoBleedingEdge/lib/mono/unityjit-win32'
Mono config path = 'D:/Unity/2022.3.1f1/Editor/Data/MonoBleedingEdge/etc'
Using monoOptions --debugger-agent=transport=dt_socket,embedding=1,server=y,suspend=n,address=127.0.0.1:56060
Begin MonoManager ReloadAssembly
Registering precompiled unity dll's ...
Register platform support module: D:/Unity/2022.3.1f1/Editor/Data/PlaybackEngines/WebGLSupport/UnityEditor.WebGL.Extensions.dll
Register platform support module: D:/Unity/2022.3.1f1/Editor/Data/PlaybackEngines/AndroidPlayer/UnityEditor.Android.Extensions.dll
Register platform support module: D:/Unity/2022.3.1f1/Editor/Data/PlaybackEngines/WindowsStandaloneSupport/UnityEditor.WindowsStandalone.Extensions.dll
Registered in 0.004459 seconds.
- Loaded All Assemblies, in  0.230 seconds
Native extension for WindowsStandalone target not found
Native extension for Android target not found
Android Extension - Scanning For ADB Devices 171 ms
Native extension for WebGL target not found
Mono: successfully reloaded assembly
- Finished resetting the current domain, in  0.355 seconds
Domain Reload Profiling: 585ms
	BeginReloadAssembly (57ms)
		ExecutionOrderSort (0ms)
		DisableScriptedObjects (0ms)
		BackupInstance (0ms)
		ReleaseScriptingObjects (0ms)
		CreateAndSetChildDomain (1ms)
	RebuildCommonClasses (23ms)
	RebuildNativeTypeToScriptingClass (7ms)
	initialDomainReloadingComplete (38ms)
	LoadAllAssembliesAndSetupDomain (105ms)
		LoadAssemblies (57ms)
		RebuildTransferFunctionScriptingTraits (0ms)
		AnalyzeDomain (103ms)
			TypeCache.Refresh (102ms)
				TypeCache.ScanAssembly (94ms)
			ScanForSourceGeneratedMonoScriptInfo (0ms)
			ResolveRequiredComponents (0ms)
	FinalizeReload (356ms)
		ReleaseScriptCaches (0ms)
		RebuildScriptCaches (0ms)
		SetupLoadedEditorAssemblies (317ms)
			LogAssemblyErrors (0ms)
			InitializePlatformSupportModulesInManaged (237ms)
			SetLoadedEditorAssemblies (4ms)
			RefreshPlugins (0ms)
			BeforeProcessingInitializeOnLoad (1ms)
			ProcessInitializeOnLoadAttributes (51ms)
			ProcessInitializeOnLoadMethodAttributes (24ms)
			AfterProcessingInitializeOnLoad (0ms)
			EditorAssembliesLoaded (0ms)
		ExecutionOrderSort2 (0ms)
		AwakeInstancesAfterBackupRestoration (0ms)
========================================================================
Worker process is ready to serve import requests
Begin MonoManager ReloadAssembly
Symbol file LoadedFromMemory is not a mono symbol file
- Loaded All Assemblies, in  0.352 seconds
Refreshing native plugins compatible for Editor in 2.86 ms, found 2 plugins.
Native extension for WindowsStandalone target not found
Native extension for Android target not found
Native extension for WebGL target not found
Mono: successfully reloaded assembly
- Finished resetting the current domain, in  0.297 seconds
Domain Reload Profiling: 649ms
	BeginReloadAssembly (71ms)
		ExecutionOrderSort (0ms)
		DisableScriptedObjects (3ms)
		BackupInstance (0ms)
		ReleaseScriptingObjects (0ms)
		CreateAndSetChildDomain (15ms)
	RebuildCommonClasses (18ms)
	RebuildNativeTypeToScriptingClass (6ms)
	initialDomainReloadingComplete (21ms)
	LoadAllAssembliesAndSetupDomain (236ms)
		LoadAssemblies (143ms)
		RebuildTransferFunctionScriptingTraits (0ms)
		AnalyzeDomain (128ms)
			TypeCache.Refresh (117ms)
				TypeCache.ScanAssembly (108ms)
			ScanForSourceGeneratedMonoScriptInfo (9ms)
			ResolveRequiredComponents (1ms)
	FinalizeReload (297ms)
		ReleaseScriptCaches (0ms)
		RebuildScriptCaches (0ms)
		SetupLoadedEditorAssemblies (222ms)
			LogAssemblyErrors (0ms)
			InitializePlatformSupportModulesInManaged (12ms)
			SetLoadedEditorAssemblies (2ms)
			RefreshPlugins (0ms)
			BeforeProcessingInitializeOnLoad (29ms)
			ProcessInitializeOnLoadAttributes (114ms)
			ProcessInitializeOnLoadMethodAttributes (63ms)
			AfterProcessingInitializeOnLoad (2ms)
			EditorAssembliesLoaded (0ms)
		ExecutionOrderSort2 (0ms)
		AwakeInstancesAfterBackupRestoration (3ms)
Launched and connected shader compiler UnityShaderCompiler.exe after 0.03 seconds
Refreshing native plugins compatible for Editor in 3.87 ms, found 2 plugins.
Preloading 0 native plugins for Editor in 0.00 ms.
Unloading 2421 Unused Serialized files (Serialized files now loaded: 0)
Unloading 61 unused Assets / (68.1 KB). Loaded Objects now: 2873.
Memory consumption went from 107.4 MB to 107.4 MB.
Total: 3.859700 ms (FindLiveObjects: 0.136600 ms CreateObjectMapping: 0.033600 ms MarkObjects: 3.582500 ms  DeleteObjects: 0.105900 ms)

AssetImportParameters requested are different than current active one (requested -> active):
  custom:video-decoder-webm-vp8: 9c59270c3fd7afecdb556c50c9e8de78 -> 
  custom:container-demuxer-ogg: 62fdf1f143b41e24485cea50d1cbac27 -> 
  custom:AudioImporter_EditorPlatform: d09bf68614088b80899f8185d706f6e7 -> 
  custom:video-decoder-ogg-theora: a1e56fd34408186e4bbccfd4996cb3dc -> 
  custom:framework-win-MediaFoundation: 216162199b28c13a410421893ffa2e32 -> 
  custom:video-encoder-webm-vp8: eb34c28f22e8b96e1ab97ce403110664 -> 
  custom:audio-decoder-ogg-vorbis: bf7c407c2cedff20999df2af8eb42d56 -> 
  custom:container-demuxer-webm: 4f35f7cbe854078d1ac9338744f61a02 -> 
  custom:audio-encoder-webm-vorbis: bf7c407c2cedff20999df2af8eb42d56 -> 
  custom:container-muxer-webm: aa71ff27fc2769a1b78a27578f13a17b -> 
========================================================================
Received Import Request.
  Time since last request: 591010.486836 seconds.
  path: Assets/Prefabs/Materials
  artifactKey: Guid(7759d81a70dc3ed46bad3bc31d69a4fd) Importer(815301076,1909f56bfc062723c751e8b465ee728b)
Start importing Assets/Prefabs/Materials using Guid(7759d81a70dc3ed46bad3bc31d69a4fd) Importer(815301076,1909f56bfc062723c751e8b465ee728b)  -> (artifact id: '279bdfca788b09ea6326ea05f0eeea03') in 0.001973 seconds
Number of updated asset objects reloaded before import = 0
Number of asset objects unloaded after import = 0
========================================================================
Received Import Request.
  Time since last request: 0.079830 seconds.
  path: Assets/Prefabs/Materials/prisoner_diffuse.mat
  artifactKey: Guid(3c1edfb3d8c499f47b7fdde46af3eca3) Importer(815301076,1909f56bfc062723c751e8b465ee728b)
Start importing Assets/Prefabs/Materials/prisoner_diffuse.mat using Guid(3c1edfb3d8c499f47b7fdde46af3eca3) Importer(815301076,1909f56bfc062723c751e8b465ee728b)  -> (artifact id: 'd39f4e4d6dde6765db42b1b25a06ee12') in 0.071956 seconds
Number of updated asset objects reloaded before import = 0
Number of asset objects unloaded after import = 3
========================================================================
Received Import Request.
  Time since last request: 28.974715 seconds.
  path: Assets/Scenes/gameScene
  artifactKey: Guid(5d26d7b1315afd94e85674782e27c64d) Importer(815301076,1909f56bfc062723c751e8b465ee728b)
Start importing Assets/Scenes/gameScene using Guid(5d26d7b1315afd94e85674782e27c64d) Importer(815301076,1909f56bfc062723c751e8b465ee728b)  -> (artifact id: '19d6edcedc6aa9ba6b8bbeca6333b7c6') in 0.000386 seconds
Number of updated asset objects reloaded before import = 0
Number of asset objects unloaded after import = 0
========================================================================
Received Import Request.
  Time since last request: 0.317549 seconds.
  path: Assets/Scenes/gameScene/NavMesh-navmesh.asset
  artifactKey: Guid(257ba9179bf646f40879a2fe0c68330a) Importer(815301076,1909f56bfc062723c751e8b465ee728b)
Start importing Assets/Scenes/gameScene/NavMesh-navmesh.asset using Guid(257ba9179bf646f40879a2fe0c68330a) Importer(815301076,1909f56bfc062723c751e8b465ee728b)  -> (artifact id: '03872aa29275a8ea85408f3856fd2ff6') in 0.000737 seconds
Number of updated asset objects reloaded before import = 0
Number of asset objects unloaded after import = 1
========================================================================
Received Import Request.
  Time since last request: 10.836593 seconds.
  path: Assets/Scenes/gameScene/NavMesh-navmesh.asset
  artifactKey: Guid(257ba9179bf646f40879a2fe0c68330a) Importer(815301076,1909f56bfc062723c751e8b465ee728b)
Start importing Assets/Scenes/gameScene/NavMesh-navmesh.asset using Guid(257ba9179bf646f40879a2fe0c68330a) Importer(815301076,1909f56bfc062723c751e8b465ee728b)  -> (artifact id: '20ae17f80f5c18226f692785e14d951a') in 0.000737 seconds
Number of updated asset objects reloaded before import = 0
Number of asset objects unloaded after import = 1
========================================================================
Received Import Request.
  Time since last request: 33.126140 seconds.
  path: ProjectSettings/TagManager.asset
  artifactKey: Guid(00000000000000003000000000000000) Importer(815301076,1909f56bfc062723c751e8b465ee728b)
Start importing ProjectSettings/TagManager.asset using Guid(00000000000000003000000000000000) Importer(815301076,1909f56bfc062723c751e8b465ee728b)  -> (artifact id: '656ac8ed0f7d94544404a947d346a381') in 0.000540 seconds
Number of updated asset objects reloaded before import = 0
Number of asset objects unloaded after import = 0
========================================================================
Received Prepare
Begin MonoManager ReloadAssembly
Symbol file LoadedFromMemory is not a mono symbol file
- Loaded All Assemblies, in  1.960 seconds
Refreshing native plugins compatible for Editor in 2.84 ms, found 2 plugins.
Native extension for WindowsStandalone target not found
Native extension for Android target not found
Native extension for WebGL target not found
Mono: successfully reloaded assembly
- Finished resetting the current domain, in  4.251 seconds
Domain Reload Profiling: 6211ms
	BeginReloadAssembly (90ms)
		ExecutionOrderSort (0ms)
		DisableScriptedObjects (3ms)
		BackupInstance (0ms)
		ReleaseScriptingObjects (0ms)
		CreateAndSetChildDomain (29ms)
	RebuildCommonClasses (17ms)
	RebuildNativeTypeToScriptingClass (6ms)
	initialDomainReloadingComplete (16ms)
	LoadAllAssembliesAndSetupDomain (1830ms)
		LoadAssemblies (1755ms)
		RebuildTransferFunctionScriptingTraits (0ms)
		AnalyzeDomain (111ms)
			TypeCache.Refresh (108ms)
				TypeCache.ScanAssembly (100ms)
			ScanForSourceGeneratedMonoScriptInfo (2ms)
			ResolveRequiredComponents (1ms)
	FinalizeReload (4252ms)
		ReleaseScriptCaches (0ms)
		RebuildScriptCaches (0ms)
		SetupLoadedEditorAssemblies (255ms)
			LogAssemblyErrors (0ms)
			InitializePlatformSupportModulesInManaged (15ms)
			SetLoadedEditorAssemblies (2ms)
			RefreshPlugins (0ms)
			BeforeProcessingInitializeOnLoad (32ms)
			ProcessInitializeOnLoadAttributes (127ms)
			ProcessInitializeOnLoadMethodAttributes (77ms)
			AfterProcessingInitializeOnLoad (2ms)
			EditorAssembliesLoaded (0ms)
		ExecutionOrderSort2 (0ms)
		AwakeInstancesAfterBackupRestoration (5ms)
Refreshing native plugins compatible for Editor in 3.40 ms, found 2 plugins.
Preloading 0 native plugins for Editor in 0.00 ms.
Unloading 2413 Unused Serialized files (Serialized files now loaded: 0)
Unloading 49 unused Assets / (42.5 KB). Loaded Objects now: 2916.
Memory consumption went from 105.9 MB to 105.8 MB.
Total: 5.480800 ms (FindLiveObjects: 0.190300 ms CreateObjectMapping: 0.037300 ms MarkObjects: 5.182600 ms  DeleteObjects: 0.069300 ms)

Prepare: number of updated asset objects reloaded= 0
AssetImportParameters requested are different than current active one (requested -> active):
  custom:video-decoder-webm-vp8: 9c59270c3fd7afecdb556c50c9e8de78 -> 
  custom:container-demuxer-ogg: 62fdf1f143b41e24485cea50d1cbac27 -> 
  custom:AudioImporter_EditorPlatform: d09bf68614088b80899f8185d706f6e7 -> 
  custom:video-decoder-ogg-theora: a1e56fd34408186e4bbccfd4996cb3dc -> 
  custom:framework-win-MediaFoundation: 216162199b28c13a410421893ffa2e32 -> 
  custom:video-encoder-webm-vp8: eb34c28f22e8b96e1ab97ce403110664 -> 
  custom:audio-decoder-ogg-vorbis: bf7c407c2cedff20999df2af8eb42d56 -> 
  custom:container-demuxer-webm: 4f35f7cbe854078d1ac9338744f61a02 -> 
  custom:audio-encoder-webm-vorbis: bf7c407c2cedff20999df2af8eb42d56 -> 
  custom:container-muxer-webm: aa71ff27fc2769a1b78a27578f13a17b -> 
========================================================================
Received Import Request.
  Time since last request: 3692.577616 seconds.
  path: Assets/Prefabs/prisoner_b_styperek.fbm
  artifactKey: Guid(f4485cd1b1b9ca34fb397f57a97c55c0) Importer(815301076,1909f56bfc062723c751e8b465ee728b)
Start importing Assets/Prefabs/prisoner_b_styperek.fbm using Guid(f4485cd1b1b9ca34fb397f57a97c55c0) Importer(815301076,1909f56bfc062723c751e8b465ee728b)  -> (artifact id: '121a575e8d103b115396a2d3a323d0c5') in 0.002479 seconds
Number of updated asset objects reloaded before import = 0
Number of asset objects unloaded after import = 0
========================================================================
Received Import Request.
  Time since last request: 0.000023 seconds.
  path: Assets/Prefabs/prisoner_b_styperek.fbm/prisoner_normal.png
  artifactKey: Guid(b30629dfc04370945bbf48cdec57b99b) Importer(815301076,1909f56bfc062723c751e8b465ee728b)
Start importing Assets/Prefabs/prisoner_b_styperek.fbm/prisoner_normal.png using Guid(b30629dfc04370945bbf48cdec57b99b) Importer(815301076,1909f56bfc062723c751e8b465ee728b)  -> (artifact id: '82dc5cb09f0d5a924ec02f876bca70fa') in 0.059751 seconds
Number of updated asset objects reloaded before import = 0
Number of asset objects unloaded after import = 2
========================================================================
Received Import Request.
  Time since last request: 0.000019 seconds.
  path: Assets/Prefabs/prisoner_b_styperek.fbm/prisoner_specular.png
  artifactKey: Guid(31ad8c20dae15444d98404121e8b9178) Importer(815301076,1909f56bfc062723c751e8b465ee728b)
Start importing Assets/Prefabs/prisoner_b_styperek.fbm/prisoner_specular.png using Guid(31ad8c20dae15444d98404121e8b9178) Importer(815301076,1909f56bfc062723c751e8b465ee728b)  -> (artifact id: 'aa20b1f3dde65e994f1b42763c5106e9') in 0.012471 seconds
Number of updated asset objects reloaded before import = 0
Number of asset objects unloaded after import = 2
========================================================================
Received Import Request.
  Time since last request: 61.383809 seconds.
  path: Assets/New
  artifactKey: Guid(a726cb96eb569664f95bea812e57b32a) Importer(815301076,1909f56bfc062723c751e8b465ee728b)
Start importing Assets/New using Guid(a726cb96eb569664f95bea812e57b32a) Importer(815301076,1909f56bfc062723c751e8b465ee728b)  -> (artifact id: '8f414dd13303df08e22ac51ca1497863') in 0.000375 seconds
Number of updated asset objects reloaded before import = 0
Number of asset objects unloaded after import = 0
========================================================================
Received Import Request.
  Time since last request: 24.433730 seconds.
  path: Assets/New/Barrel.fbx
  artifactKey: Guid(c1bd88ef844ed1b49958344577ae4fea) Importer(815301076,1909f56bfc062723c751e8b465ee728b)
Start importing Assets/New/Barrel.fbx using Guid(c1bd88ef844ed1b49958344577ae4fea) Importer(815301076,1909f56bfc062723c751e8b465ee728b)  -> (artifact id: 'e2c16bcaa2ca29a3320c4565ee8690e4') in 0.074857 seconds
Number of updated asset objects reloaded before import = 0
Number of asset objects unloaded after import = 10
========================================================================
Received Import Request.
  Time since last request: 0.000018 seconds.
  path: Assets/New/Crate.fbx
  artifactKey: Guid(5a560d8ff5a99a6419622c28c3cb3b65) Importer(815301076,1909f56bfc062723c751e8b465ee728b)
Start importing Assets/New/Crate.fbx using Guid(5a560d8ff5a99a6419622c28c3cb3b65) Importer(815301076,1909f56bfc062723c751e8b465ee728b)  -> (artifact id: '3f316eba3ee7493f2c96f8fa55f182e1') in 0.020914 seconds
Number of updated asset objects reloaded before import = 0
Number of asset objects unloaded after import = 9
========================================================================
Received Import Request.
  Time since last request: 0.000014 seconds.
  path: Assets/New/FirstAidKit.fbx
  artifactKey: Guid(8be6db6817b41c64a83a218aacc5ebe5) Importer(815301076,1909f56bfc062723c751e8b465ee728b)
Start importing Assets/New/FirstAidKit.fbx using Guid(8be6db6817b41c64a83a218aacc5ebe5) Importer(815301076,1909f56bfc062723c751e8b465ee728b)  -> (artifact id: 'fc6e334afdc3c87ffab1111e98d76d10') in 0.020516 seconds
Number of updated asset objects reloaded before import = 0
Number of asset objects unloaded after import = 10
========================================================================
Received Import Request.
  Time since last request: 21.074167 seconds.
  path: Assets/New/defaultMat.mat
  artifactKey: Guid(6dfb6a3e5a180c547b7865a21658d10d) Importer(815301076,1909f56bfc062723c751e8b465ee728b)
Start importing Assets/New/defaultMat.mat using Guid(6dfb6a3e5a180c547b7865a21658d10d) Importer(815301076,1909f56bfc062723c751e8b465ee728b)  -> (artifact id: 'daf42006771d8454380653505e71969b') in 0.011482 seconds
Number of updated asset objects reloaded before import = 0
Number of asset objects unloaded after import = 1
========================================================================
Received Import Request.
  Time since last request: 65.277501 seconds.
  path: Assets/New/Left.fbx
  artifactKey: Guid(3bc70ac26acc97a40af65b9a11e974d8) Importer(815301076,1909f56bfc062723c751e8b465ee728b)
Start importing Assets/New/Left.fbx using Guid(3bc70ac26acc97a40af65b9a11e974d8) Importer(815301076,1909f56bfc062723c751e8b465ee728b)  -> (artifact id: '5b109291cbd2756cac10e9a8ebbd21c1') in 0.003121 seconds
Number of updated asset objects reloaded before import = 0
Number of asset objects unloaded after import = 143
========================================================================
Received Import Request.
  Time since last request: 0.002944 seconds.
  path: Assets/New/Walking.fbx
  artifactKey: Guid(84c706cd704265942bea5b447758c7be) Importer(815301076,1909f56bfc062723c751e8b465ee728b)
Start importing Assets/New/Walking.fbx using Guid(84c706cd704265942bea5b447758c7be) Importer(815301076,1909f56bfc062723c751e8b465ee728b)  -> (artifact id: 'bfb3a3b11a57f90250c4cc93a53bca47') in 0.002965 seconds
Number of updated asset objects reloaded before import = 0
Number of asset objects unloaded after import = 143
========================================================================
Received Import Request.
  Time since last request: 0.000011 seconds.
  path: Assets/New/Walking2.fbx
  artifactKey: Guid(1c5b7160285804246afd44e886c59101) Importer(815301076,1909f56bfc062723c751e8b465ee728b)
Start importing Assets/New/Walking2.fbx using Guid(1c5b7160285804246afd44e886c59101) Importer(815301076,1909f56bfc062723c751e8b465ee728b)  -> (artifact id: 'e06bd7c17752b75e23fd7fce9cc501bf') in 0.002117 seconds
Number of updated asset objects reloaded before import = 0
Number of asset objects unloaded after import = 143
========================================================================
Received Import Request.
  Time since last request: 0.000007 seconds.
  path: Assets/New/Zombie.fbx
  artifactKey: Guid(88c52279062c96149bdcb6c0670fbeca) Importer(815301076,1909f56bfc062723c751e8b465ee728b)
Start importing Assets/New/Zombie.fbx using Guid(88c52279062c96149bdcb6c0670fbeca) Importer(815301076,1909f56bfc062723c751e8b465ee728b)  -> (artifact id: '6251b38b99e11ff22bb55b7b2fce4099') in 0.072351 seconds
Number of updated asset objects reloaded before import = 0
Number of asset objects unloaded after import = 106
Editor requested this worker to shutdown with reason: Scaling down because of idle timeout
TcpMessagingSession - receive error: operation aborted. errorcode: 995, details: Bir iþ parçacýðý çýkýþý veya bir uygulama isteði nedeniyle G/Ç iþlemi iptal edildi.
AssetImportWorker is now disconnected from the server
Process exiting
Exiting without the bug reporter. Application will terminate with return code 0