Using pre-set license
Built from '2022.3/staging' branch; Version is '2022.3.1f1 (f18e0c1b5784) revision 15830540'; Using compiler version '192829333'; Build Type 'Release'
OS: 'Windows 10  (10.0.19045) 64bit Core' Language: 'tr' Physical Memory: 16016 MB
BatchMode: 1, IsHumanControllingUs: 0, StartBugReporterOnCrash: 0, Is64bit: 1, IsPro: 1

COMMAND LINE ARGUMENTS:
D:\Unity\2022.3.1f1\Editor\Unity.exe
-adb2
-batchMode
-noUpm
-name
AssetImportWorker1
-projectPath
D:/GitHub_Projects/NYCStrike
-logFile
Logs/AssetImportWorker1.log
-srvPort
53761
Successfully changed project path to: D:/GitHub_Projects/NYCStrike
D:/GitHub_Projects/NYCStrike
[UnityMemory] Configuration Parameters - Can be set up in boot.config
    "memorysetup-bucket-allocator-granularity=16"
    "memorysetup-bucket-allocator-bucket-count=8"
    "memorysetup-bucket-allocator-block-size=33554432"
    "memorysetup-bucket-allocator-block-count=8"
    "memorysetup-main-allocator-block-size=16777216"
    "memorysetup-thread-allocator-block-size=16777216"
    "memorysetup-gfx-main-allocator-block-size=16777216"
    "memorysetup-gfx-thread-allocator-block-size=16777216"
    "memorysetup-cache-allocator-block-size=4194304"
    "memorysetup-typetree-allocator-block-size=2097152"
    "memorysetup-profiler-bucket-allocator-granularity=16"
    "memorysetup-profiler-bucket-allocator-bucket-count=8"
    "memorysetup-profiler-bucket-allocator-block-size=33554432"
    "memorysetup-profiler-bucket-allocator-block-count=8"
    "memorysetup-profiler-allocator-block-size=16777216"
    "memorysetup-profiler-editor-allocator-block-size=1048576"
    "memorysetup-temp-allocator-size-main=16777216"
    "memorysetup-job-temp-allocator-block-size=2097152"
    "memorysetup-job-temp-allocator-block-size-background=1048576"
    "memorysetup-job-temp-allocator-reduction-small-platforms=262144"
    "memorysetup-allocator-temp-initial-block-size-main=262144"
    "memorysetup-allocator-temp-initial-block-size-worker=262144"
    "memorysetup-temp-allocator-size-background-worker=32768"
    "memorysetup-temp-allocator-size-job-worker=262144"
    "memorysetup-temp-allocator-size-preload-manager=33554432"
    "memorysetup-temp-allocator-size-nav-mesh-worker=65536"
    "memorysetup-temp-allocator-size-audio-worker=65536"
    "memorysetup-temp-allocator-size-cloud-worker=32768"
    "memorysetup-temp-allocator-size-gi-baking-worker=262144"
    "memorysetup-temp-allocator-size-gfx=262144"
Player connection [6956] Host "[IP] 192.168.56.1 [Port] 0 [Flags] 2 [Guid] 4187850779 [EditorId] 4187850779 [Version] 1048832 [Id] WindowsEditor(7,DESKTOP-JDJV4O2) [Debug] 1 [PackageName] WindowsEditor [ProjectName] Editor" joined multi-casting on [225.0.0.222:54997]...

Player connection [6956] Host "[IP] 192.168.56.1 [Port] 0 [Flags] 2 [Guid] 4187850779 [EditorId] 4187850779 [Version] 1048832 [Id] WindowsEditor(7,DESKTOP-JDJV4O2) [Debug] 1 [PackageName] WindowsEditor [ProjectName] Editor" joined alternative multi-casting on [225.0.0.222:34997]...

Refreshing native plugins compatible for Editor in 5.08 ms, found 2 plugins.
Preloading 0 native plugins for Editor in 0.00 ms.
Initialize engine version: 2022.3.1f1 (f18e0c1b5784)
[Subsystems] Discovering subsystems at path D:/Unity/2022.3.1f1/Editor/Data/Resources/UnitySubsystems
[Subsystems] Discovering subsystems at path D:/GitHub_Projects/NYCStrike/Assets
GfxDevice: creating device client; threaded=0; jobified=0
Direct3D:
    Version:  Direct3D 11.0 [level 11.1]
    Renderer: NVIDIA GeForce RTX 4070 (ID=0x2786)
    Vendor:   NVIDIA
    VRAM:     12012 MB
    Driver:   32.0.15.7216
Initialize mono
Mono path[0] = 'D:/Unity/2022.3.1f1/Editor/Data/Managed'
Mono path[1] = 'D:/Unity/2022.3.1f1/Editor/Data/MonoBleedingEdge/lib/mono/unityjit-win32'
Mono config path = 'D:/Unity/2022.3.1f1/Editor/Data/MonoBleedingEdge/etc'
Using monoOptions --debugger-agent=transport=dt_socket,embedding=1,server=y,suspend=n,address=127.0.0.1:56140
Begin MonoManager ReloadAssembly
Registering precompiled unity dll's ...
Register platform support module: D:/Unity/2022.3.1f1/Editor/Data/PlaybackEngines/WebGLSupport/UnityEditor.WebGL.Extensions.dll
Register platform support module: D:/Unity/2022.3.1f1/Editor/Data/PlaybackEngines/AndroidPlayer/UnityEditor.Android.Extensions.dll
Register platform support module: D:/Unity/2022.3.1f1/Editor/Data/PlaybackEngines/WindowsStandaloneSupport/UnityEditor.WindowsStandalone.Extensions.dll
Registered in 0.003268 seconds.
- Loaded All Assemblies, in  0.193 seconds
Native extension for WindowsStandalone target not found
Native extension for Android target not found
Android Extension - Scanning For ADB Devices 194 ms
Native extension for WebGL target not found
Mono: successfully reloaded assembly
- Finished resetting the current domain, in  0.376 seconds
Domain Reload Profiling: 569ms
	BeginReloadAssembly (50ms)
		ExecutionOrderSort (0ms)
		DisableScriptedObjects (0ms)
		BackupInstance (0ms)
		ReleaseScriptingObjects (0ms)
		CreateAndSetChildDomain (0ms)
	RebuildCommonClasses (22ms)
	RebuildNativeTypeToScriptingClass (7ms)
	initialDomainReloadingComplete (33ms)
	LoadAllAssembliesAndSetupDomain (81ms)
		LoadAssemblies (50ms)
		RebuildTransferFunctionScriptingTraits (0ms)
		AnalyzeDomain (79ms)
			TypeCache.Refresh (78ms)
				TypeCache.ScanAssembly (72ms)
			ScanForSourceGeneratedMonoScriptInfo (0ms)
			ResolveRequiredComponents (0ms)
	FinalizeReload (376ms)
		ReleaseScriptCaches (0ms)
		RebuildScriptCaches (0ms)
		SetupLoadedEditorAssemblies (342ms)
			LogAssemblyErrors (0ms)
			InitializePlatformSupportModulesInManaged (258ms)
			SetLoadedEditorAssemblies (2ms)
			RefreshPlugins (0ms)
			BeforeProcessingInitializeOnLoad (1ms)
			ProcessInitializeOnLoadAttributes (55ms)
			ProcessInitializeOnLoadMethodAttributes (26ms)
			AfterProcessingInitializeOnLoad (0ms)
			EditorAssembliesLoaded (0ms)
		ExecutionOrderSort2 (0ms)
		AwakeInstancesAfterBackupRestoration (0ms)
========================================================================
Worker process is ready to serve import requests
Begin MonoManager ReloadAssembly
Symbol file LoadedFromMemory is not a mono symbol file
- Loaded All Assemblies, in  0.384 seconds
Refreshing native plugins compatible for Editor in 3.09 ms, found 2 plugins.
Native extension for WindowsStandalone target not found
Native extension for Android target not found
Native extension for WebGL target not found
Mono: successfully reloaded assembly
- Finished resetting the current domain, in  0.356 seconds
Domain Reload Profiling: 739ms
	BeginReloadAssembly (76ms)
		ExecutionOrderSort (0ms)
		DisableScriptedObjects (3ms)
		BackupInstance (0ms)
		ReleaseScriptingObjects (0ms)
		CreateAndSetChildDomain (17ms)
	RebuildCommonClasses (18ms)
	RebuildNativeTypeToScriptingClass (6ms)
	initialDomainReloadingComplete (22ms)
	LoadAllAssembliesAndSetupDomain (261ms)
		LoadAssemblies (165ms)
		RebuildTransferFunctionScriptingTraits (0ms)
		AnalyzeDomain (134ms)
			TypeCache.Refresh (123ms)
				TypeCache.ScanAssembly (113ms)
			ScanForSourceGeneratedMonoScriptInfo (10ms)
			ResolveRequiredComponents (1ms)
	FinalizeReload (356ms)
		ReleaseScriptCaches (0ms)
		RebuildScriptCaches (0ms)
		SetupLoadedEditorAssemblies (270ms)
			LogAssemblyErrors (0ms)
			InitializePlatformSupportModulesInManaged (13ms)
			SetLoadedEditorAssemblies (2ms)
			RefreshPlugins (0ms)
			BeforeProcessingInitializeOnLoad (34ms)
			ProcessInitializeOnLoadAttributes (144ms)
			ProcessInitializeOnLoadMethodAttributes (74ms)
			AfterProcessingInitializeOnLoad (2ms)
			EditorAssembliesLoaded (0ms)
		ExecutionOrderSort2 (0ms)
		AwakeInstancesAfterBackupRestoration (4ms)
Launched and connected shader compiler UnityShaderCompiler.exe after 0.04 seconds
Refreshing native plugins compatible for Editor in 7.77 ms, found 2 plugins.
Preloading 0 native plugins for Editor in 0.00 ms.
Unloading 2421 Unused Serialized files (Serialized files now loaded: 0)
Unloading 61 unused Assets / (68.2 KB). Loaded Objects now: 2873.
Memory consumption went from 107.4 MB to 107.4 MB.
Total: 7.428600 ms (FindLiveObjects: 0.493300 ms CreateObjectMapping: 0.064900 ms MarkObjects: 6.720100 ms  DeleteObjects: 0.148500 ms)

AssetImportParameters requested are different than current active one (requested -> active):
  custom:video-decoder-webm-vp8: 9c59270c3fd7afecdb556c50c9e8de78 -> 
  custom:container-demuxer-ogg: 62fdf1f143b41e24485cea50d1cbac27 -> 
  custom:AudioImporter_EditorPlatform: d09bf68614088b80899f8185d706f6e7 -> 
  custom:video-decoder-ogg-theora: a1e56fd34408186e4bbccfd4996cb3dc -> 
  custom:framework-win-MediaFoundation: 216162199b28c13a410421893ffa2e32 -> 
  custom:video-encoder-webm-vp8: eb34c28f22e8b96e1ab97ce403110664 -> 
  custom:audio-decoder-ogg-vorbis: bf7c407c2cedff20999df2af8eb42d56 -> 
  custom:container-demuxer-webm: 4f35f7cbe854078d1ac9338744f61a02 -> 
  custom:audio-encoder-webm-vorbis: bf7c407c2cedff20999df2af8eb42d56 -> 
  custom:container-muxer-webm: aa71ff27fc2769a1b78a27578f13a17b -> 
========================================================================
Received Prepare
Begin MonoManager ReloadAssembly
Symbol file LoadedFromMemory is not a mono symbol file
- Loaded All Assemblies, in  0.360 seconds
Refreshing native plugins compatible for Editor in 2.74 ms, found 2 plugins.
Native extension for WindowsStandalone target not found
Native extension for Android target not found
Native extension for WebGL target not found
Mono: successfully reloaded assembly
- Finished resetting the current domain, in  0.442 seconds
Domain Reload Profiling: 801ms
	BeginReloadAssembly (95ms)
		ExecutionOrderSort (0ms)
		DisableScriptedObjects (4ms)
		BackupInstance (0ms)
		ReleaseScriptingObjects (0ms)
		CreateAndSetChildDomain (34ms)
	RebuildCommonClasses (18ms)
	RebuildNativeTypeToScriptingClass (7ms)
	initialDomainReloadingComplete (15ms)
	LoadAllAssembliesAndSetupDomain (225ms)
		LoadAssemblies (144ms)
		RebuildTransferFunctionScriptingTraits (0ms)
		AnalyzeDomain (116ms)
			TypeCache.Refresh (114ms)
				TypeCache.ScanAssembly (105ms)
			ScanForSourceGeneratedMonoScriptInfo (0ms)
			ResolveRequiredComponents (1ms)
	FinalizeReload (442ms)
		ReleaseScriptCaches (0ms)
		RebuildScriptCaches (0ms)
		SetupLoadedEditorAssemblies (257ms)
			LogAssemblyErrors (0ms)
			InitializePlatformSupportModulesInManaged (12ms)
			SetLoadedEditorAssemblies (2ms)
			RefreshPlugins (0ms)
			BeforeProcessingInitializeOnLoad (30ms)
			ProcessInitializeOnLoadAttributes (125ms)
			ProcessInitializeOnLoadMethodAttributes (85ms)
			AfterProcessingInitializeOnLoad (2ms)
			EditorAssembliesLoaded (0ms)
		ExecutionOrderSort2 (0ms)
		AwakeInstancesAfterBackupRestoration (5ms)
Refreshing native plugins compatible for Editor in 3.96 ms, found 2 plugins.
Preloading 0 native plugins for Editor in 0.00 ms.
Unloading 2414 Unused Serialized files (Serialized files now loaded: 0)
Unloading 49 unused Assets / (42.4 KB). Loaded Objects now: 2876.
Memory consumption went from 105.8 MB to 105.7 MB.
Total: 6.629900 ms (FindLiveObjects: 0.347800 ms CreateObjectMapping: 0.059100 ms MarkObjects: 6.060500 ms  DeleteObjects: 0.161300 ms)

Prepare: number of updated asset objects reloaded= 0
AssetImportParameters requested are different than current active one (requested -> active):
  custom:video-decoder-webm-vp8: 9c59270c3fd7afecdb556c50c9e8de78 -> 
  custom:container-demuxer-ogg: 62fdf1f143b41e24485cea50d1cbac27 -> 
  custom:AudioImporter_EditorPlatform: d09bf68614088b80899f8185d706f6e7 -> 
  custom:video-decoder-ogg-theora: a1e56fd34408186e4bbccfd4996cb3dc -> 
  custom:framework-win-MediaFoundation: 216162199b28c13a410421893ffa2e32 -> 
  custom:video-encoder-webm-vp8: eb34c28f22e8b96e1ab97ce403110664 -> 
  custom:audio-decoder-ogg-vorbis: bf7c407c2cedff20999df2af8eb42d56 -> 
  custom:container-demuxer-webm: 4f35f7cbe854078d1ac9338744f61a02 -> 
  custom:audio-encoder-webm-vorbis: bf7c407c2cedff20999df2af8eb42d56 -> 
  custom:container-muxer-webm: aa71ff27fc2769a1b78a27578f13a17b -> 
========================================================================
Received Import Request.
  Time since last request: 591002.461074 seconds.
  path: Assets/Materials/1gold2.mat
  artifactKey: Guid(3a8e3fcebc8eef047b52cccbfa163131) Importer(815301076,1909f56bfc062723c751e8b465ee728b)
Start importing Assets/Materials/1gold2.mat using Guid(3a8e3fcebc8eef047b52cccbfa163131) Importer(815301076,1909f56bfc062723c751e8b465ee728b)  -> (artifact id: '807c95bf027157aedf85ac226185396d') in 0.070786 seconds
Number of updated asset objects reloaded before import = 0
Number of asset objects unloaded after import = 2
========================================================================
Received Import Request.
  Time since last request: 0.000016 seconds.
  path: Assets/Materials/1gold3.mat
  artifactKey: Guid(8470e3a3fbb06e443944cb9a60da3f8d) Importer(815301076,1909f56bfc062723c751e8b465ee728b)
Start importing Assets/Materials/1gold3.mat using Guid(8470e3a3fbb06e443944cb9a60da3f8d) Importer(815301076,1909f56bfc062723c751e8b465ee728b)  -> (artifact id: '970192d4d89f48a4c9acdc218d88b06c') in 0.018163 seconds
Number of updated asset objects reloaded before import = 0
Number of asset objects unloaded after import = 2
========================================================================
Received Import Request.
  Time since last request: 0.000013 seconds.
  path: Assets/Materials/ConcreteNew0024_2_S_3_02 red_dirt.mat
  artifactKey: Guid(c8ea03748766d2949bbeb454d2fc59d8) Importer(815301076,1909f56bfc062723c751e8b465ee728b)
Start importing Assets/Materials/ConcreteNew0024_2_S_3_02 red_dirt.mat using Guid(c8ea03748766d2949bbeb454d2fc59d8) Importer(815301076,1909f56bfc062723c751e8b465ee728b)  -> (artifact id: 'ea2e1fdc93d94309357356dafa8b2a3e') in 0.018654 seconds
Number of updated asset objects reloaded before import = 0
Number of asset objects unloaded after import = 2
========================================================================
Received Import Request.
  Time since last request: 0.000013 seconds.
  path: Assets/Materials/DoorsMetalSingle0163_M.mat
  artifactKey: Guid(7a7a68b4a2054dc4e936791caae51c17) Importer(815301076,1909f56bfc062723c751e8b465ee728b)
Start importing Assets/Materials/DoorsMetalSingle0163_M.mat using Guid(7a7a68b4a2054dc4e936791caae51c17) Importer(815301076,1909f56bfc062723c751e8b465ee728b)  -> (artifact id: 'd1ac3290823d193942f47c4a47844112') in 0.017237 seconds
Number of updated asset objects reloaded before import = 0
Number of asset objects unloaded after import = 2
========================================================================
Received Import Request.
  Time since last request: 0.000015 seconds.
  path: Assets/Materials/beer_bottle01.mat
  artifactKey: Guid(1fb6fa202a3364342aba380defe7a01c) Importer(815301076,1909f56bfc062723c751e8b465ee728b)
Start importing Assets/Materials/beer_bottle01.mat using Guid(1fb6fa202a3364342aba380defe7a01c) Importer(815301076,1909f56bfc062723c751e8b465ee728b)  -> (artifact id: '5d453600ba0d7d4dda9668bbb5a21abc') in 0.016070 seconds
Number of updated asset objects reloaded before import = 0
Number of asset objects unloaded after import = 2
========================================================================
Received Import Request.
  Time since last request: 0.000024 seconds.
  path: Assets/Materials/18 - Default.mat
  artifactKey: Guid(8965025c05c71b748b72ae549e669a7a) Importer(815301076,1909f56bfc062723c751e8b465ee728b)
Start importing Assets/Materials/18 - Default.mat using Guid(8965025c05c71b748b72ae549e669a7a) Importer(815301076,1909f56bfc062723c751e8b465ee728b)  -> (artifact id: '42d6a189a34d3b9cc12ac235d2a71069') in 0.011706 seconds
Number of updated asset objects reloaded before import = 0
Number of asset objects unloaded after import = 1
========================================================================
Received Import Request.
  Time since last request: 0.000012 seconds.
  path: Assets/Materials/BuildingsOrnate0019_L.mat
  artifactKey: Guid(ca743b0c8e1d82a48a5dead5c5dec647) Importer(815301076,1909f56bfc062723c751e8b465ee728b)
Start importing Assets/Materials/BuildingsOrnate0019_L.mat using Guid(ca743b0c8e1d82a48a5dead5c5dec647) Importer(815301076,1909f56bfc062723c751e8b465ee728b)  -> (artifact id: 'a718be89227f375792142a15173b866e') in 0.016512 seconds
Number of updated asset objects reloaded before import = 0
Number of asset objects unloaded after import = 2
========================================================================
Received Import Request.
  Time since last request: 0.000013 seconds.
  path: Assets/Materials/Cans0004_4_S.mat
  artifactKey: Guid(c88568b0dfc9f9442939ad572eeacbcf) Importer(815301076,1909f56bfc062723c751e8b465ee728b)
Start importing Assets/Materials/Cans0004_4_S.mat using Guid(c88568b0dfc9f9442939ad572eeacbcf) Importer(815301076,1909f56bfc062723c751e8b465ee728b)  -> (artifact id: '121160ccc7672e0a992d16aa28443e2b') in 0.019768 seconds
Number of updated asset objects reloaded before import = 0
Number of asset objects unloaded after import = 2
========================================================================
Received Import Request.
  Time since last request: 0.000012 seconds.
  path: Assets/Materials/elgkj3cm.mat
  artifactKey: Guid(8d714dd5030f1ce409359870b0233941) Importer(815301076,1909f56bfc062723c751e8b465ee728b)
Start importing Assets/Materials/elgkj3cm.mat using Guid(8d714dd5030f1ce409359870b0233941) Importer(815301076,1909f56bfc062723c751e8b465ee728b)  -> (artifact id: '4a9dff4549941b75802460c4a05916b6') in 0.016763 seconds
Number of updated asset objects reloaded before import = 0
Number of asset objects unloaded after import = 2
========================================================================
Received Import Request.
  Time since last request: 0.000011 seconds.
  path: Assets/Materials/HighRiseResidential0062_2_L.mat
  artifactKey: Guid(c846fb544d5f2d14584e96d1170bc3db) Importer(815301076,1909f56bfc062723c751e8b465ee728b)
Start importing Assets/Materials/HighRiseResidential0062_2_L.mat using Guid(c846fb544d5f2d14584e96d1170bc3db) Importer(815301076,1909f56bfc062723c751e8b465ee728b)  -> (artifact id: '0d3158a234a6a97212ce1e39c01a525a') in 0.018165 seconds
Number of updated asset objects reloaded before import = 0
Number of asset objects unloaded after import = 2
========================================================================
Received Import Request.
  Time since last request: 0.000012 seconds.
  path: Assets/Materials/Graffiti0405_M.mat
  artifactKey: Guid(c446e4d609d29f0448432e4a88c9cec4) Importer(815301076,1909f56bfc062723c751e8b465ee728b)
Start importing Assets/Materials/Graffiti0405_M.mat using Guid(c446e4d609d29f0448432e4a88c9cec4) Importer(815301076,1909f56bfc062723c751e8b465ee728b)  -> (artifact id: '185844bda766e66f6d29c6e228d074b5') in 0.017599 seconds
Number of updated asset objects reloaded before import = 0
Number of asset objects unloaded after import = 2
========================================================================
Received Import Request.
  Time since last request: 0.000018 seconds.
  path: Assets/Materials/billboard16.mat
  artifactKey: Guid(e99735f952ebb3544ba077393ea3d99c) Importer(815301076,1909f56bfc062723c751e8b465ee728b)
Start importing Assets/Materials/billboard16.mat using Guid(e99735f952ebb3544ba077393ea3d99c) Importer(815301076,1909f56bfc062723c751e8b465ee728b)  -> (artifact id: 'b34f9b38da67129b3404c8d71639abcb') in 0.019220 seconds
Number of updated asset objects reloaded before import = 0
Number of asset objects unloaded after import = 2
========================================================================
Received Import Request.
  Time since last request: 0.000011 seconds.
  path: Assets/Materials/black roof dirt copy.mat
  artifactKey: Guid(818725b12dd780a4aa4e5972a8468baa) Importer(815301076,1909f56bfc062723c751e8b465ee728b)
Start importing Assets/Materials/black roof dirt copy.mat using Guid(818725b12dd780a4aa4e5972a8468baa) Importer(815301076,1909f56bfc062723c751e8b465ee728b)  -> (artifact id: 'b356ab4ff56c664c7e5d32e603a467f3') in 0.022272 seconds
Number of updated asset objects reloaded before import = 0
Number of asset objects unloaded after import = 2
========================================================================
Received Import Request.
  Time since last request: 0.000016 seconds.
  path: Assets/Materials/Juise.mat
  artifactKey: Guid(e69da7960c68c2549a1f15b880886cb7) Importer(815301076,1909f56bfc062723c751e8b465ee728b)
Start importing Assets/Materials/Juise.mat using Guid(e69da7960c68c2549a1f15b880886cb7) Importer(815301076,1909f56bfc062723c751e8b465ee728b)  -> (artifact id: '472d16381529b6614e68a43b6c225c78') in 0.020269 seconds
Number of updated asset objects reloaded before import = 0
Number of asset objects unloaded after import = 2
========================================================================
Received Import Request.
  Time since last request: 0.000013 seconds.
  path: Assets/Materials/Graffiti0261_M.mat
  artifactKey: Guid(32dbc889eb0fb334bb4b50919129e319) Importer(815301076,1909f56bfc062723c751e8b465ee728b)
Start importing Assets/Materials/Graffiti0261_M.mat using Guid(32dbc889eb0fb334bb4b50919129e319) Importer(815301076,1909f56bfc062723c751e8b465ee728b)  -> (artifact id: 'e4f62459e4d5f2522e647468a38e4d20') in 0.038241 seconds
Number of updated asset objects reloaded before import = 0
Number of asset objects unloaded after import = 2
========================================================================
Received Import Request.
  Time since last request: 0.000021 seconds.
  path: Assets/Materials/DoorsMetalSingle0164_M.mat
  artifactKey: Guid(458e0c280f972ed42bc7559a95433e2a) Importer(815301076,1909f56bfc062723c751e8b465ee728b)
Start importing Assets/Materials/DoorsMetalSingle0164_M.mat using Guid(458e0c280f972ed42bc7559a95433e2a) Importer(815301076,1909f56bfc062723c751e8b465ee728b)  -> (artifact id: 'e34dba744e1324b8100b1634c95f020a') in 0.018676 seconds
Number of updated asset objects reloaded before import = 0
Number of asset objects unloaded after import = 2
========================================================================
Received Import Request.
  Time since last request: 0.000016 seconds.
  path: Assets/Materials/Aircos02.mat
  artifactKey: Guid(c9c38e4b5c76f424fb3e9efdadd7914f) Importer(815301076,1909f56bfc062723c751e8b465ee728b)
Start importing Assets/Materials/Aircos02.mat using Guid(c9c38e4b5c76f424fb3e9efdadd7914f) Importer(815301076,1909f56bfc062723c751e8b465ee728b)  -> (artifact id: '9a40ac3e99b1d495f78293ec05527994') in 0.017115 seconds
Number of updated asset objects reloaded before import = 0
Number of asset objects unloaded after import = 2
========================================================================
Received Import Request.
  Time since last request: 0.000022 seconds.
  path: Assets/Materials/Aircos0015_S.mat
  artifactKey: Guid(2737d36d10d5d054d90b5b119a77e103) Importer(815301076,1909f56bfc062723c751e8b465ee728b)
Start importing Assets/Materials/Aircos0015_S.mat using Guid(2737d36d10d5d054d90b5b119a77e103) Importer(815301076,1909f56bfc062723c751e8b465ee728b)  -> (artifact id: '9c6cd155d3f62839a85c46da6e2a64cc') in 0.018161 seconds
Number of updated asset objects reloaded before import = 0
Number of asset objects unloaded after import = 2
========================================================================
Received Import Request.
  Time since last request: 0.000016 seconds.
  path: Assets/Materials/Aircos0011_S.mat
  artifactKey: Guid(dcb11c10dc722d84e8e39629effc5dec) Importer(815301076,1909f56bfc062723c751e8b465ee728b)
Start importing Assets/Materials/Aircos0011_S.mat using Guid(dcb11c10dc722d84e8e39629effc5dec) Importer(815301076,1909f56bfc062723c751e8b465ee728b)  -> (artifact id: '8aefa19a441a91161a9906a0ba258867') in 0.017059 seconds
Number of updated asset objects reloaded before import = 0
Number of asset objects unloaded after import = 2
========================================================================
Received Import Request.
  Time since last request: 0.000016 seconds.
  path: Assets/Materials/billboard05.mat
  artifactKey: Guid(f107bcfb82b13384fa4800ed4fdfc88c) Importer(815301076,1909f56bfc062723c751e8b465ee728b)
Start importing Assets/Materials/billboard05.mat using Guid(f107bcfb82b13384fa4800ed4fdfc88c) Importer(815301076,1909f56bfc062723c751e8b465ee728b)  -> (artifact id: 'a148e7b80872942d013aa6afe5258203') in 0.017508 seconds
Number of updated asset objects reloaded before import = 0
Number of asset objects unloaded after import = 2
========================================================================
Received Import Request.
  Time since last request: 0.000014 seconds.
  path: Assets/Materials/jaxglass.mat
  artifactKey: Guid(4449e749f7e73ee44a1a5e589688d727) Importer(815301076,1909f56bfc062723c751e8b465ee728b)
Start importing Assets/Materials/jaxglass.mat using Guid(4449e749f7e73ee44a1a5e589688d727) Importer(815301076,1909f56bfc062723c751e8b465ee728b)  -> (artifact id: '3aab779169a4d5e97bdacaedc6ebc31d') in 0.017275 seconds
Number of updated asset objects reloaded before import = 0
Number of asset objects unloaded after import = 2
========================================================================
Received Import Request.
  Time since last request: 0.000015 seconds.
  path: Assets/Materials/bin color.mat
  artifactKey: Guid(d9e488f84a977c84aad5574f0c26027d) Importer(815301076,1909f56bfc062723c751e8b465ee728b)
Start importing Assets/Materials/bin color.mat using Guid(d9e488f84a977c84aad5574f0c26027d) Importer(815301076,1909f56bfc062723c751e8b465ee728b)  -> (artifact id: 'cbb3b80da34930db08613c4c70abe9c9') in 0.166828 seconds
Number of updated asset objects reloaded before import = 0
Number of asset objects unloaded after import = 2
========================================================================
Received Import Request.
  Time since last request: 0.000017 seconds.
  path: Assets/Materials/amnc9xal.mat
  artifactKey: Guid(c4ee3fa6ced6adb42b40378f0af49839) Importer(815301076,1909f56bfc062723c751e8b465ee728b)
Start importing Assets/Materials/amnc9xal.mat using Guid(c4ee3fa6ced6adb42b40378f0af49839) Importer(815301076,1909f56bfc062723c751e8b465ee728b)  -> (artifact id: '71016e8539a1c085cf311a3df6bb507d') in 0.015625 seconds
Number of updated asset objects reloaded before import = 0
Number of asset objects unloaded after import = 2
========================================================================
Received Import Request.
  Time since last request: 0.000020 seconds.
  path: Assets/Materials/bb_.mat
  artifactKey: Guid(ac560d290a6435d41910181c76361636) Importer(815301076,1909f56bfc062723c751e8b465ee728b)
Start importing Assets/Materials/bb_.mat using Guid(ac560d290a6435d41910181c76361636) Importer(815301076,1909f56bfc062723c751e8b465ee728b)  -> (artifact id: '285f5994d25b665c09efcaeee9257d84') in 0.016309 seconds
Number of updated asset objects reloaded before import = 0
Number of asset objects unloaded after import = 2
========================================================================
Received Import Request.
  Time since last request: 0.000015 seconds.
  path: Assets/Materials/Graffiti0158_M.mat
  artifactKey: Guid(67b727d622afa9449ba9f75dd18a8ac4) Importer(815301076,1909f56bfc062723c751e8b465ee728b)
Start importing Assets/Materials/Graffiti0158_M.mat using Guid(67b727d622afa9449ba9f75dd18a8ac4) Importer(815301076,1909f56bfc062723c751e8b465ee728b)  -> (artifact id: '628079bc37eb02e1f03d70a87aa7e74e') in 0.015616 seconds
Number of updated asset objects reloaded before import = 0
Number of asset objects unloaded after import = 2
========================================================================
Received Import Request.
  Time since last request: 0.000013 seconds.
  path: Assets/Materials/BuildingsHighRise0358_2_L.mat
  artifactKey: Guid(bf39914dd28bb6a4ba4671216ac44aa3) Importer(815301076,1909f56bfc062723c751e8b465ee728b)
Start importing Assets/Materials/BuildingsHighRise0358_2_L.mat using Guid(bf39914dd28bb6a4ba4671216ac44aa3) Importer(815301076,1909f56bfc062723c751e8b465ee728b)  -> (artifact id: '85451e96f1985bd33274883c554bf127') in 0.016383 seconds
Number of updated asset objects reloaded before import = 0
Number of asset objects unloaded after import = 2
========================================================================
Received Import Request.
  Time since last request: 0.000013 seconds.
  path: Assets/Materials/billboard20.mat
  artifactKey: Guid(f7ba95f8e513ba043ba6185b54333fa4) Importer(815301076,1909f56bfc062723c751e8b465ee728b)
Start importing Assets/Materials/billboard20.mat using Guid(f7ba95f8e513ba043ba6185b54333fa4) Importer(815301076,1909f56bfc062723c751e8b465ee728b)  -> (artifact id: '839374aa07368f2e805a812131882208') in 0.015955 seconds
Number of updated asset objects reloaded before import = 0
Number of asset objects unloaded after import = 2
========================================================================
Received Prepare
Begin MonoManager ReloadAssembly
Symbol file LoadedFromMemory is not a mono symbol file
- Loaded All Assemblies, in  1.960 seconds
Refreshing native plugins compatible for Editor in 2.95 ms, found 2 plugins.
Native extension for WindowsStandalone target not found
Native extension for Android target not found
Native extension for WebGL target not found
Mono: successfully reloaded assembly
- Finished resetting the current domain, in  4.241 seconds
Domain Reload Profiling: 6201ms
	BeginReloadAssembly (106ms)
		ExecutionOrderSort (0ms)
		DisableScriptedObjects (3ms)
		BackupInstance (0ms)
		ReleaseScriptingObjects (0ms)
		CreateAndSetChildDomain (40ms)
	RebuildCommonClasses (19ms)
	RebuildNativeTypeToScriptingClass (10ms)
	initialDomainReloadingComplete (19ms)
	LoadAllAssembliesAndSetupDomain (1805ms)
		LoadAssemblies (1725ms)
		RebuildTransferFunctionScriptingTraits (0ms)
		AnalyzeDomain (121ms)
			TypeCache.Refresh (118ms)
				TypeCache.ScanAssembly (106ms)
			ScanForSourceGeneratedMonoScriptInfo (2ms)
			ResolveRequiredComponents (1ms)
	FinalizeReload (4242ms)
		ReleaseScriptCaches (0ms)
		RebuildScriptCaches (0ms)
		SetupLoadedEditorAssemblies (250ms)
			LogAssemblyErrors (0ms)
			InitializePlatformSupportModulesInManaged (16ms)
			SetLoadedEditorAssemblies (2ms)
			RefreshPlugins (0ms)
			BeforeProcessingInitializeOnLoad (32ms)
			ProcessInitializeOnLoadAttributes (122ms)
			ProcessInitializeOnLoadMethodAttributes (77ms)
			AfterProcessingInitializeOnLoad (2ms)
			EditorAssembliesLoaded (0ms)
		ExecutionOrderSort2 (0ms)
		AwakeInstancesAfterBackupRestoration (4ms)
Refreshing native plugins compatible for Editor in 3.82 ms, found 2 plugins.
Preloading 0 native plugins for Editor in 0.00 ms.
Unloading 2413 Unused Serialized files (Serialized files now loaded: 0)
Unloading 49 unused Assets / (42.5 KB). Loaded Objects now: 2919.
Memory consumption went from 105.9 MB to 105.9 MB.
Total: 5.973000 ms (FindLiveObjects: 0.182400 ms CreateObjectMapping: 0.034200 ms MarkObjects: 5.666800 ms  DeleteObjects: 0.088400 ms)

Prepare: number of updated asset objects reloaded= 0
AssetImportParameters requested are different than current active one (requested -> active):
  custom:video-decoder-webm-vp8: 9c59270c3fd7afecdb556c50c9e8de78 -> 
  custom:container-demuxer-ogg: 62fdf1f143b41e24485cea50d1cbac27 -> 
  custom:AudioImporter_EditorPlatform: d09bf68614088b80899f8185d706f6e7 -> 
  custom:video-decoder-ogg-theora: a1e56fd34408186e4bbccfd4996cb3dc -> 
  custom:framework-win-MediaFoundation: 216162199b28c13a410421893ffa2e32 -> 
  custom:video-encoder-webm-vp8: eb34c28f22e8b96e1ab97ce403110664 -> 
  custom:audio-decoder-ogg-vorbis: bf7c407c2cedff20999df2af8eb42d56 -> 
  custom:container-demuxer-webm: 4f35f7cbe854078d1ac9338744f61a02 -> 
  custom:audio-encoder-webm-vorbis: bf7c407c2cedff20999df2af8eb42d56 -> 
  custom:container-muxer-webm: aa71ff27fc2769a1b78a27578f13a17b -> 
========================================================================
Received Import Request.
  Time since last request: 3773.310812 seconds.
  path: Assets
  artifactKey: Guid(00000000000000001000000000000000) Importer(815301076,1909f56bfc062723c751e8b465ee728b)
Start importing Assets using Guid(00000000000000001000000000000000) Importer(815301076,1909f56bfc062723c751e8b465ee728b)  -> (artifact id: '8a4fe85251aa2e89732c359432baa2c3') in 0.002350 seconds
Number of updated asset objects reloaded before import = 0
Number of asset objects unloaded after import = 0
========================================================================
Received Import Request.
  Time since last request: 0.000016 seconds.
  path: Assets/Prefabs/prisoner_b_styperek.fbm/prisoner_diffuse.png
  artifactKey: Guid(b879a2e587a249b42be1bd63fb0a9be3) Importer(815301076,1909f56bfc062723c751e8b465ee728b)
Start importing Assets/Prefabs/prisoner_b_styperek.fbm/prisoner_diffuse.png using Guid(b879a2e587a249b42be1bd63fb0a9be3) Importer(815301076,1909f56bfc062723c751e8b465ee728b)  -> (artifact id: 'e1dec7be96596324edd7d77337cb5e2c') in 0.059252 seconds
Number of updated asset objects reloaded before import = 0
Number of asset objects unloaded after import = 2
========================================================================
Received Import Request.
  Time since last request: 85.832220 seconds.
  path: Assets/New/Cop.obj
  artifactKey: Guid(ccde50f8dd74bc14c9571fa90aa0fabd) Importer(815301076,1909f56bfc062723c751e8b465ee728b)
Start importing Assets/New/Cop.obj using Guid(ccde50f8dd74bc14c9571fa90aa0fabd) Importer(815301076,1909f56bfc062723c751e8b465ee728b)  -> (artifact id: '9a4da3e7aec9fc5f4fd6bda1de2a5fac') in 0.074638 seconds
Number of updated asset objects reloaded before import = 0
Number of asset objects unloaded after import = 10
========================================================================
Received Import Request.
  Time since last request: 0.000023 seconds.
  path: Assets/New/fruit_crate_2.fbx
  artifactKey: Guid(7bbdb80d4e58a4049943befcf6325518) Importer(815301076,1909f56bfc062723c751e8b465ee728b)
Start importing Assets/New/fruit_crate_2.fbx using Guid(7bbdb80d4e58a4049943befcf6325518) Importer(815301076,1909f56bfc062723c751e8b465ee728b)  -> (artifact id: '10d456fcee4faced05ff75faef9688c2') in 0.020990 seconds
Number of updated asset objects reloaded before import = 0
Number of asset objects unloaded after import = 9
Editor requested this worker to shutdown with reason: Scaling down because of idle timeout
TcpMessagingSession - receive error: operation aborted. errorcode: 995, details: Bir iþ parçacýðý çýkýþý veya bir uygulama isteði nedeniyle G/Ç iþlemi iptal edildi.
AssetImportWorker is now disconnected from the server
Process exiting
Exiting without the bug reporter. Application will terminate with return code 0